#
# There is insufficient memory for the Java Runtime Environment to continue.
# Native memory allocation (malloc) failed to allocate 69184 bytes for Chunk::new
# Possible reasons:
#   The system is out of physical RAM or swap space
#   In 32 bit mode, the process size limit was hit
# Possible solutions:
#   Reduce memory load on the system
#   Increase physical memory or swap space
#   Check if swap backing store is full
#   Use 64 bit Java on a 64 bit OS
#   Decrease Java heap size (-Xmx/-Xms)
#   Decrease number of Java threads
#   Decrease Java thread stack sizes (-Xss)
#   Set larger code cache with -XX:ReservedCodeCacheSize=
# This output file may be truncated or incomplete.
#
#  Out of Memory Error (allocation.cpp:390), pid=1432, tid=4620
#
# JRE version: Java(TM) SE Runtime Environment (8.0_40-b25) (build 1.8.0_40-b25)
# Java VM: Java HotSpot(TM) 64-Bit Server VM (25.40-b25 mixed mode windows-amd64 compressed oops)
# Failed to write core dump. Minidumps are not enabled by default on client versions of Windows
#

---------------  T H R E A D  ---------------

Current thread (0x0000000014c08800):  JavaThread "C2 CompilerThread0" daemon [_thread_in_native, id=4620, stack(0x0000000015e30000,0x0000000015f30000)]

Stack: [0x0000000015e30000,0x0000000015f30000]
Native frames: (J=compiled Java code, j=interpreted, Vv=VM code, C=native code)
V  [jvm.dll+0x32b47a]


Current CompileTask:
C2:   3031 1033   !   4       com.android.dx.ssa.BasicRegisterMapper::map (44 bytes)


---------------  P R O C E S S  ---------------

Java Threads: ( => current thread )
  0x00000000160c0800 JavaThread "Service Thread" daemon [_thread_blocked, id=6028, stack(0x00000000165f0000,0x00000000166f0000)]
  0x0000000014c62000 JavaThread "C1 CompilerThread1" daemon [_thread_blocked, id=1728, stack(0x0000000015fc0000,0x00000000160c0000)]
=>0x0000000014c08800 JavaThread "C2 CompilerThread0" daemon [_thread_in_native, id=4620, stack(0x0000000015e30000,0x0000000015f30000)]
  0x0000000014c07800 JavaThread "Attach Listener" daemon [_thread_blocked, id=1652, stack(0x0000000015bf0000,0x0000000015cf0000)]
  0x0000000014c01800 JavaThread "Signal Dispatcher" daemon [_thread_blocked, id=3912, stack(0x0000000015ab0000,0x0000000015bb0000)]
  0x0000000014bac000 JavaThread "Finalizer" daemon [_thread_blocked, id=2816, stack(0x0000000015930000,0x0000000015a30000)]
  0x0000000014ba3000 JavaThread "Reference Handler" daemon [_thread_blocked, id=5976, stack(0x0000000015660000,0x0000000015760000)]
  0x000000000215e000 JavaThread "main" [_thread_in_Java, id=4744, stack(0x0000000002270000,0x0000000002370000)]

Other Threads:
  0x0000000014b9d000 VMThread [stack: 0x00000000157b0000,0x00000000158b0000] [id=4088]
  0x00000000160c7000 WatcherThread [stack: 0x0000000016740000,0x0000000016840000] [id=2392]

VM state:not at safepoint (normal execution)

VM Mutex/Monitor currently owned by a thread: None

Heap:
 PSYoungGen      total 35328K, used 19157K [0x00000000eab00000, 0x00000000ed000000, 0x0000000100000000)
  eden space 32768K, 50% used [0x00000000eab00000,0x00000000ebb39da8,0x00000000ecb00000)
  from space 2560K, 99% used [0x00000000ecb00000,0x00000000ecd7b8a0,0x00000000ecd80000)
  to   space 2560K, 0% used [0x00000000ecd80000,0x00000000ecd80000,0x00000000ed000000)
 ParOldGen       total 44032K, used 9195K [0x00000000c0000000, 0x00000000c2b00000, 0x00000000eab00000)
  object space 44032K, 20% used [0x00000000c0000000,0x00000000c08fadc8,0x00000000c2b00000)
 Metaspace       used 5787K, capacity 6960K, committed 7040K, reserved 1056768K
  class space    used 575K, capacity 616K, committed 640K, reserved 1048576K

Card table byte_map: [0x0000000011a00000,0x0000000011c10000] byte_map_base: 0x0000000011400000

Marking Bits: (ParMarkBitMap*) 0x00000000532d4040
 Begin Bits: [0x0000000012070000, 0x0000000013070000)
 End Bits:   [0x0000000013070000, 0x0000000014070000)

Polling page: 0x0000000000430000

CodeCache: size=245760Kb used=4664Kb max_used=4664Kb free=241095Kb
 bounds [0x0000000002640000, 0x0000000002ad0000, 0x0000000011640000]
 total_blobs=1449 nmethods=1183 adapters=178
 compilation: disabled (not enough contiguous free space left)

Compilation events (10 events):
Event: 2.195 Thread 0x0000000014c62000 1073       3       java.lang.ref.Reference::clear (6 bytes)
Event: 2.196 Thread 0x0000000014c62000 nmethod 1073 0x0000000002a6a110 code [0x0000000002a6a260, 0x0000000002a6a3d0]
Event: 2.196 Thread 0x0000000014c62000 1074   !   3       java.lang.ref.ReferenceQueue::remove (125 bytes)
Event: 2.196 Thread 0x0000000014c62000 nmethod 1074 0x0000000002a69290 code [0x0000000002a69460, 0x0000000002a69cf8]
Event: 2.196 Thread 0x0000000014c62000 1075   !   3       java.lang.ref.Finalizer::runFinalizer (62 bytes)
Event: 2.197 Thread 0x0000000014c62000 nmethod 1075 0x0000000002a685d0 code [0x0000000002a68780, 0x0000000002a68fd8]
Event: 2.197 Thread 0x0000000014c62000 1076       3       java.util.zip.ZipFile$ZipFileInflaterInputStream::finalize (5 bytes)
Event: 2.197 Thread 0x0000000014c62000 nmethod 1076 0x0000000002a68150 code [0x0000000002a682c0, 0x0000000002a68468]
Event: 2.197 Thread 0x0000000014c62000 1077       3       java.util.zip.ZipFile$ZipFileInputStream::finalize (5 bytes)
Event: 2.198 Thread 0x0000000014c62000 nmethod 1077 0x0000000002a6b750 code [0x0000000002a6b8c0, 0x0000000002a6ba68]

GC Heap History (2 events):
Event: 2.065 GC heap before
{Heap before GC invocations=1 (full 0):
 PSYoungGen      total 18944K, used 16384K [0x00000000eab00000, 0x00000000ec000000, 0x0000000100000000)
  eden space 16384K, 100% used [0x00000000eab00000,0x00000000ebb00000,0x00000000ebb00000)
  from space 2560K, 0% used [0x00000000ebd80000,0x00000000ebd80000,0x00000000ec000000)
  to   space 2560K, 0% used [0x00000000ebb00000,0x00000000ebb00000,0x00000000ebd80000)
 ParOldGen       total 44032K, used 0K [0x00000000c0000000, 0x00000000c2b00000, 0x00000000eab00000)
  object space 44032K, 0% used [0x00000000c0000000,0x00000000c0000000,0x00000000c2b00000)
 Metaspace       used 5501K, capacity 6768K, committed 7040K, reserved 1056768K
  class space    used 545K, capacity 616K, committed 640K, reserved 1048576K
Event: 2.163 GC heap after
Heap after GC invocations=1 (full 0):
 PSYoungGen      total 18944K, used 2559K [0x00000000eab00000, 0x00000000ed000000, 0x0000000100000000)
  eden space 16384K, 0% used [0x00000000eab00000,0x00000000eab00000,0x00000000ebb00000)
  from space 2560K, 99% used [0x00000000ebb00000,0x00000000ebd7ff20,0x00000000ebd80000)
  to   space 2560K, 0% used [0x00000000ecd80000,0x00000000ecd80000,0x00000000ed000000)
 ParOldGen       total 44032K, used 1896K [0x00000000c0000000, 0x00000000c2b00000, 0x00000000eab00000)
  object space 44032K, 4% used [0x00000000c0000000,0x00000000c01da178,0x00000000c2b00000)
 Metaspace       used 5501K, capacity 6768K, committed 7040K, reserved 1056768K
  class space    used 545K, capacity 616K, committed 640K, reserved 1048576K
}

Deoptimization events (6 events):
Event: 1.843 Thread 0x000000000215e000 Uncommon trap: reason=unstable_if action=reinterpret pc=0x00000000028b45e0 method=java.util.BitSet.nextSetBit(I)I @ 87
Event: 1.845 Thread 0x000000000215e000 Uncommon trap: reason=unstable_if action=reinterpret pc=0x00000000028a0bec method=java.util.HashMap.getNode(ILjava/lang/Object;)Ljava/util/HashMap$Node; @ 62
Event: 1.984 Thread 0x000000000215e000 Uncommon trap: reason=unstable_if action=reinterpret pc=0x000000000290e084 method=java.util.HashMap.getNode(ILjava/lang/Object;)Ljava/util/HashMap$Node; @ 62
Event: 2.040 Thread 0x000000000215e000 Uncommon trap: reason=unstable_if action=reinterpret pc=0x0000000002973164 method=java.util.BitSet.ensureCapacity(I)V @ 6
Event: 2.171 Thread 0x000000000215e000 Uncommon trap: reason=unstable_if action=reinterpret pc=0x0000000002a524e8 method=com.android.dx.rop.code.RegisterSpec.equals(ILcom/android/dx/rop/type/TypeBearer;Lcom/android/dx/rop/code/LocalItem;)Z @ 16
Event: 2.181 Thread 0x000000000215e000 Uncommon trap: reason=null_check action=make_not_entrant pc=0x0000000002a41228 method=com.android.dx.ssa.SsaRenamer.getLocalForNewReg(I)Lcom/android/dx/rop/code/LocalItem; @ 19

Internal exceptions (3 events):
Event: 0.142 Thread 0x000000000215e000 Exception <a 'java/lang/NoSuchMethodError': Method sun.misc.Unsafe.defineClass(Ljava/lang/String;[BII)Ljava/lang/Class; name or signature does not match> (0x00000000eab12f10) thrown at [D:\re\workspace\8-2-build-windows-amd64-cygwin\jdk8u40\2855\hotspot\srK×F»=0Â?
Event: 0.142 Thread 0x000000000215e000 Exception <a 'java/lang/NoSuchMethodError': Method sun.misc.Unsafe.prefetchRead(Ljava/lang/Object;J)V name or signature does not match> (0x00000000eab131a0) thrown at [D:\re\workspace\8-2-build-windows-amd64-cygwin\jdk8u40\2855\hotspot\src\share\vm\prims\jSÓÝ­Šs@
Event: 2.181 Thread 0x000000000215e000 Implicit null exception at 0x0000000002a3edc4 to 0x0000000002a411dd

Events (10 events):
Event: 2.171 loading class java/util/HashMap$ValueIterator
Event: 2.171 loading class java/util/HashMap$ValueIterator done
Event: 2.171 Thread 0x000000000215e000 Uncommon trap: trap_request=0xffffff65 fr.pc=0x0000000002a524e8
Event: 2.171 Thread 0x000000000215e000 DEOPT PACKING pc=0x0000000002a524e8 sp=0x000000000236e880
Event: 2.171 Thread 0x000000000215e000 DEOPT UNPACKING pc=0x000000000268582a sp=0x000000000236e608 mode 2
Event: 2.181 loading class com/android/dx/cf/attrib/AttEnclosingMethod
Event: 2.181 loading class com/android/dx/cf/attrib/AttEnclosingMethod done
Event: 2.181 Thread 0x000000000215e000 Uncommon trap: trap_request=0xfffffff4 fr.pc=0x0000000002a41228
Event: 2.181 Thread 0x000000000215e000 DEOPT PACKING pc=0x0000000002a41228 sp=0x000000000236e670
Event: 2.181 Thread 0x000000000215e000 DEOPT UNPACKING pc=0x000000000268582a sp=0x000000000236e4c8 mode 2


Dynamic libraries:
0x000000013f0b0000 - 0x000000013f0e7000 	C:\Program Files\Java\jdk1.8.0_40\bin\java.exe
0x0000000077590000 - 0x0000000077738000 	C:\Windows\SYSTEM32\ntdll.dll
0x0000000077470000 - 0x000000007758f000 	C:\Windows\system32\kernel32.dll
0x000007fefd370000 - 0x000007fefd3dc000 	C:\Windows\system32\KERNELBASE.dll
0x000007fefdd60000 - 0x000007fefde3b000 	C:\Windows\system32\ADVAPI32.dll
0x000007feff250000 - 0x000007feff2ef000 	C:\Windows\system32\msvcrt.dll
0x000007fefdb90000 - 0x000007fefdbaf000 	C:\Windows\SYSTEM32\sechost.dll
0x000007fefe140000 - 0x000007fefe26d000 	C:\Windows\system32\RPCRT4.dll
0x0000000077370000 - 0x000000007746a000 	C:\Windows\system32\USER32.dll
0x000007feff830000 - 0x000007feff897000 	C:\Windows\system32\GDI32.dll
0x000007fefdb80000 - 0x000007fefdb8e000 	C:\Windows\system32\LPK.dll
0x000007fefdab0000 - 0x000007fefdb79000 	C:\Windows\system32\USP10.dll
0x000007fefc380000 - 0x000007fefc574000 	C:\Windows\WinSxS\amd64_microsoft.windows.common-controls_6595b64144ccf1df_6.0.7601.17514_none_fa396087175ac9ac\COMCTL32.dll
0x000007fefdbd0000 - 0x000007fefdc41000 	C:\Windows\system32\SHLWAPI.dll
0x000007fefe110000 - 0x000007fefe13e000 	C:\Windows\system32\IMM32.DLL
0x000007fefdc50000 - 0x000007fefdd59000 	C:\Windows\system32\MSCTF.dll
0x0000000074680000 - 0x0000000074752000 	C:\Program Files\Java\jdk1.8.0_40\jre\bin\msvcr100.dll
0x0000000052ad0000 - 0x0000000053353000 	C:\Program Files\Java\jdk1.8.0_40\jre\bin\server\jvm.dll
0x000007fef3dd0000 - 0x000007fef3dd9000 	C:\Windows\system32\WSOCK32.dll
0x000007feff500000 - 0x000007feff54d000 	C:\Windows\system32\WS2_32.dll
0x000007fefd790000 - 0x000007fefd798000 	C:\Windows\system32\NSI.dll
0x000007fefadb0000 - 0x000007fefadeb000 	C:\Windows\system32\WINMM.dll
0x000007fefc0e0000 - 0x000007fefc0ec000 	C:\Windows\system32\VERSION.dll
0x0000000077760000 - 0x0000000077767000 	C:\Windows\system32\PSAPI.DLL
0x0000000064e60000 - 0x0000000064e6f000 	C:\Program Files\Java\jdk1.8.0_40\jre\bin\verify.dll
0x0000000053c90000 - 0x0000000053cb9000 	C:\Program Files\Java\jdk1.8.0_40\jre\bin\java.dll
0x0000000052ab0000 - 0x0000000052ac6000 	C:\Program Files\Java\jdk1.8.0_40\jre\bin\zip.dll
0x000007fefe4c0000 - 0x000007feff249000 	C:\Windows\system32\SHELL32.dll
0x000007feff2f0000 - 0x000007feff4f3000 	C:\Windows\system32\ole32.dll
0x000007fefd350000 - 0x000007fefd35f000 	C:\Windows\system32\profapi.dll

VM Arguments:
jvm_args: -Xmx1024M -Dfile.encoding=windows-1251 -Duser.country=RU -Duser.language=ru -Duser.variant 
java_command: com.android.dx.command.Main --dex --output C:\Users\Þçåð\AndroidStudioProjects\Minder_android\app\build\intermediates\pre-dexed\debug\classes-2fca606bfb427da8da8b4fb460b816af6e5cfd53.jar C:\Users\Þçåð\AndroidStudioProjects\Minder_android\app\build\intermediates\exploded-aar\com.android.support\appcompat-v7\22.1.1\jars\classes.jar
java_class_path (initial): D:\Android\sdk\build-tools\22.0.1\lib\dx.jar
Launcher Type: SUN_STANDARD

Environment Variables:
JAVA_HOME=C:\Program Files\Java\jdk1.8.0_40
PATH=C:\ProgramData\Oracle\Java\javapath;C:\Windows\system32;C:\Windows;C:\Windows\System32\Wbem;C:\Windows\System32\WindowsPowerShell\v1.0\;C:\Program Files (x86)\Intel\OpenCL SDK\3.0\bin\x86;C:\Program Files (x86)\Intel\OpenCL SDK\3.0\bin\x64;C:\Program Files\Lenovo\Bluetooth Software\;C:\Program Files\Lenovo\Bluetooth Software\syswow64;C:\android-sdk-windows\platform-tools;C:\android-sdk-windows\tools;C:\Program Files\TortoiseHg\;C:\Program Files (x86)\Skype\Phone\
USERNAME=Þçåð
OS=Windows_NT
PROCESSOR_IDENTIFIER=Intel64 Family 6 Model 60 Stepping 3, GenuineIntel



---------------  S Y S T E M  ---------------

OS: Windows 7 , 64 bit Build 7601 (6.1.7601.18798)

CPU:total 2 (2 cores per cpu, 1 threads per core) family 6 model 60 stepping 3, cmov, cx8, fxsr, mmx, sse, sse2, sse3, ssse3, sse4.1, sse4.2, popcnt, clmul, erms, lzcnt, tsc, tscinvbit

Memory: 4k page, physical 4108656k(291020k free), swap 5642804k(4016k free)

vm_info: Java HotSpot(TM) 64-Bit Server VM (25.40-b25) for windows-amd64 JRE (1.8.0_40-b25), built on Feb 10 2015 21:53:57 by "java_re" with MS VC++ 10.0 (VS2010)

time: Wed May 06 11:09:44 2015
elapsed time: 3 seconds (0d 0h 0m 3s)

