#
# There is insufficient memory for the Java Runtime Environment to continue.
# Native memory allocation (malloc) failed to allocate 131088 bytes for Chunk::new
# Possible reasons:
#   The system is out of physical RAM or swap space
#   In 32 bit mode, the process size limit was hit
# Possible solutions:
#   Reduce memory load on the system
#   Increase physical memory or swap space
#   Check if swap backing store is full
#   Use 64 bit Java on a 64 bit OS
#   Decrease Java heap size (-Xmx/-Xms)
#   Decrease number of Java threads
#   Decrease Java thread stack sizes (-Xss)
#   Set larger code cache with -XX:ReservedCodeCacheSize=
# This output file may be truncated or incomplete.
#
#  Out of Memory Error (allocation.cpp:390), pid=3224, tid=2908
#
# JRE version: Java(TM) SE Runtime Environment (8.0_40-b25) (build 1.8.0_40-b25)
# Java VM: Java HotSpot(TM) 64-Bit Server VM (25.40-b25 mixed mode windows-amd64 compressed oops)
# Failed to write core dump. Minidumps are not enabled by default on client versions of Windows
#

---------------  T H R E A D  ---------------

Current thread (0x0000000014ec8800):  JavaThread "C2 CompilerThread0" daemon [_thread_in_native, id=2908, stack(0x0000000015c40000,0x0000000015d40000)]

Stack: [0x0000000015c40000,0x0000000015d40000]
Native frames: (J=compiled Java code, j=interpreted, Vv=VM code, C=native code)
V  [jvm.dll+0x32b47a]


Current CompileTask:
C2:   7530 1689       4       com.android.dx.ssa.SCCP::simulatePhi (169 bytes)


---------------  P R O C E S S  ---------------

Java Threads: ( => current thread )
  0x0000000016019000 JavaThread "Service Thread" daemon [_thread_blocked, id=5800, stack(0x0000000016660000,0x0000000016760000)]
  0x0000000014f2e000 JavaThread "C1 CompilerThread1" daemon [_thread_blocked, id=5340, stack(0x0000000016520000,0x0000000016620000)]
=>0x0000000014ec8800 JavaThread "C2 CompilerThread0" daemon [_thread_in_native, id=2908, stack(0x0000000015c40000,0x0000000015d40000)]
  0x0000000014ec5000 JavaThread "Attach Listener" daemon [_thread_blocked, id=5948, stack(0x0000000015f10000,0x0000000016010000)]
  0x0000000014ec3000 JavaThread "Signal Dispatcher" daemon [_thread_blocked, id=2216, stack(0x0000000015d50000,0x0000000015e50000)]
  0x0000000014e66000 JavaThread "Finalizer" daemon [_thread_blocked, id=5196, stack(0x0000000015ac0000,0x0000000015bc0000)]
  0x0000000014e63000 JavaThread "Reference Handler" daemon [_thread_blocked, id=5056, stack(0x00000000158e0000,0x00000000159e0000)]
  0x000000000025e000 JavaThread "main" [_thread_in_Java, id=2260, stack(0x0000000002430000,0x0000000002530000)]

Other Threads:
  0x0000000014e5d000 VMThread [stack: 0x0000000015790000,0x0000000015890000] [id=5284]
  0x000000001601b800 WatcherThread [stack: 0x0000000016820000,0x0000000016920000] [id=5828]

VM state:not at safepoint (normal execution)

VM Mutex/Monitor currently owned by a thread: None

Heap:
 PSYoungGen      total 72192K, used 65409K [0x00000000eab00000, 0x00000000efc00000, 0x0000000100000000)
  eden space 64512K, 89% used [0x00000000eab00000,0x00000000ee3a4348,0x00000000eea00000)
  from space 7680K, 96% used [0x00000000ef280000,0x00000000ef9bc1c8,0x00000000efa00000)
  to   space 8704K, 0% used [0x00000000eea00000,0x00000000eea00000,0x00000000ef280000)
 ParOldGen       total 44032K, used 14442K [0x00000000c0000000, 0x00000000c2b00000, 0x00000000eab00000)
  object space 44032K, 32% used [0x00000000c0000000,0x00000000c0e1a820,0x00000000c2b00000)
 Metaspace       used 6027K, capacity 7152K, committed 7296K, reserved 1056768K
  class space    used 576K, capacity 616K, committed 640K, reserved 1048576K

Card table byte_map: [0x0000000011bc0000,0x0000000011dd0000] byte_map_base: 0x00000000115c0000

Marking Bits: (ParMarkBitMap*) 0x00000000532d4040
 Begin Bits: [0x0000000012330000, 0x0000000013330000)
 End Bits:   [0x0000000013330000, 0x0000000014330000)

Polling page: 0x0000000000240000

CodeCache: size=245760Kb used=7213Kb max_used=7213Kb free=238546Kb
 bounds [0x0000000002800000, 0x0000000002f20000, 0x0000000011800000]
 total_blobs=1962 nmethods=1698 adapters=178
 compilation: enabled

Compilation events (10 events):
Event: 6.580 Thread 0x0000000014f2e000 1695       2       java.lang.Integer::bitCount (49 bytes)
Event: 6.580 Thread 0x0000000014f2e000 nmethod 1695 0x0000000002e92610 code [0x0000000002e92760, 0x0000000002e928d0]
Event: 6.580 Thread 0x0000000014f2e000 1696       2       com.android.dx.ssa.back.FirstFitLocalCombiningAllocator::markReserved (13 bytes)
Event: 6.580 Thread 0x0000000014f2e000 nmethod 1696 0x0000000002e92210 code [0x0000000002e92380, 0x0000000002e92508]
Event: 6.580 Thread 0x0000000014f2e000 1697       2       java.util.BitSet::set (20 bytes)
Event: 6.581 Thread 0x0000000014f2e000 nmethod 1697 0x0000000002e9f910 code [0x0000000002e9fa80, 0x0000000002e9fc18]
Event: 6.651 Thread 0x0000000014ec8800 nmethod 1676 0x0000000002ef5e90 code [0x0000000002ef6280, 0x0000000002ef9178]
Event: 6.651 Thread 0x0000000014ec8800 1682       4       com.android.dx.cf.code.RopperMachine::jopToRopOpcode (1103 bytes)
Event: 6.667 Thread 0x0000000014ec8800 nmethod 1682 0x0000000002ea4ed0 code [0x0000000002ea5840, 0x0000000002ea6118]
Event: 6.667 Thread 0x0000000014ec8800 1689       4       com.android.dx.ssa.SCCP::simulatePhi (169 bytes)

GC Heap History (10 events):
Event: 3.929 GC heap before
{Heap before GC invocations=2 (full 0):
 PSYoungGen      total 18944K, used 18938K [0x00000000eab00000, 0x00000000ec000000, 0x0000000100000000)
  eden space 16384K, 100% used [0x00000000eab00000,0x00000000ebb00000,0x00000000ebb00000)
  from space 2560K, 99% used [0x00000000ebb00000,0x00000000ebd7eab8,0x00000000ebd80000)
  to   space 2560K, 0% used [0x00000000ebd80000,0x00000000ebd80000,0x00000000ec000000)
 ParOldGen       total 44032K, used 1633K [0x00000000c0000000, 0x00000000c2b00000, 0x00000000eab00000)
  object space 44032K, 3% used [0x00000000c0000000,0x00000000c0198688,0x00000000c2b00000)
 Metaspace       used 5768K, capacity 7024K, committed 7296K, reserved 1056768K
  class space    used 550K, capacity 616K, committed 640K, reserved 1048576K
Event: 3.962 GC heap after
Heap after GC invocations=2 (full 0):
 PSYoungGen      total 18944K, used 2528K [0x00000000eab00000, 0x00000000ed000000, 0x0000000100000000)
  eden space 16384K, 0% used [0x00000000eab00000,0x00000000eab00000,0x00000000ebb00000)
  from space 2560K, 98% used [0x00000000ebd80000,0x00000000ebff8028,0x00000000ec000000)
  to   space 2560K, 0% used [0x00000000ebb00000,0x00000000ebb00000,0x00000000ebd80000)
 ParOldGen       total 44032K, used 4156K [0x00000000c0000000, 0x00000000c2b00000, 0x00000000eab00000)
  object space 44032K, 9% used [0x00000000c0000000,0x00000000c040f2f0,0x00000000c2b00000)
 Metaspace       used 5768K, capacity 7024K, committed 7296K, reserved 1056768K
  class space    used 550K, capacity 616K, committed 640K, reserved 1048576K
}
Event: 4.131 GC heap before
{Heap before GC invocations=3 (full 0):
 PSYoungGen      total 18944K, used 18912K [0x00000000eab00000, 0x00000000ed000000, 0x0000000100000000)
  eden space 16384K, 100% used [0x00000000eab00000,0x00000000ebb00000,0x00000000ebb00000)
  from space 2560K, 98% used [0x00000000ebd80000,0x00000000ebff8028,0x00000000ec000000)
  to   space 2560K, 0% used [0x00000000ebb00000,0x00000000ebb00000,0x00000000ebd80000)
 ParOldGen       total 44032K, used 4156K [0x00000000c0000000, 0x00000000c2b00000, 0x00000000eab00000)
  object space 44032K, 9% used [0x00000000c0000000,0x00000000c040f2f0,0x00000000c2b00000)
 Metaspace       used 5800K, capacity 7024K, committed 7296K, reserved 1056768K
  class space    used 550K, capacity 616K, committed 640K, reserved 1048576K
Event: 4.148 GC heap after
Heap after GC invocations=3 (full 0):
 PSYoungGen      total 18944K, used 2560K [0x00000000eab00000, 0x00000000ed000000, 0x0000000100000000)
  eden space 16384K, 0% used [0x00000000eab00000,0x00000000eab00000,0x00000000ebb00000)
  from space 2560K, 100% used [0x00000000ebb00000,0x00000000ebd80000,0x00000000ebd80000)
  to   space 2560K, 0% used [0x00000000ecd80000,0x00000000ecd80000,0x00000000ed000000)
 ParOldGen       total 44032K, used 6587K [0x00000000c0000000, 0x00000000c2b00000, 0x00000000eab00000)
  object space 44032K, 14% used [0x00000000c0000000,0x00000000c066ee08,0x00000000c2b00000)
 Metaspace       used 5800K, capacity 7024K, committed 7296K, reserved 1056768K
  class space    used 550K, capacity 616K, committed 640K, reserved 1048576K
}
Event: 4.274 GC heap before
{Heap before GC invocations=4 (full 0):
 PSYoungGen      total 18944K, used 18944K [0x00000000eab00000, 0x00000000ed000000, 0x0000000100000000)
  eden space 16384K, 100% used [0x00000000eab00000,0x00000000ebb00000,0x00000000ebb00000)
  from space 2560K, 100% used [0x00000000ebb00000,0x00000000ebd80000,0x00000000ebd80000)
  to   space 2560K, 0% used [0x00000000ecd80000,0x00000000ecd80000,0x00000000ed000000)
 ParOldGen       total 44032K, used 6587K [0x00000000c0000000, 0x00000000c2b00000, 0x00000000eab00000)
  object space 44032K, 14% used [0x00000000c0000000,0x00000000c066ee08,0x00000000c2b00000)
 Metaspace       used 5816K, capacity 7024K, committed 7296K, reserved 1056768K
  class space    used 550K, capacity 616K, committed 640K, reserved 1048576K
Event: 4.286 GC heap after
Heap after GC invocations=4 (full 0):
 PSYoungGen      total 35328K, used 2547K [0x00000000eab00000, 0x00000000ed000000, 0x0000000100000000)
  eden space 32768K, 0% used [0x00000000eab00000,0x00000000eab00000,0x00000000ecb00000)
  from space 2560K, 99% used [0x00000000ecd80000,0x00000000ecffcd28,0x00000000ed000000)
  to   space 2560K, 0% used [0x00000000ecb00000,0x00000000ecb00000,0x00000000ecd80000)
 ParOldGen       total 44032K, used 9276K [0x00000000c0000000, 0x00000000c2b00000, 0x00000000eab00000)
  object space 44032K, 21% used [0x00000000c0000000,0x00000000c090f3c8,0x00000000c2b00000)
 Metaspace       used 5816K, capacity 7024K, committed 7296K, reserved 1056768K
  class space    used 550K, capacity 616K, committed 640K, reserved 1048576K
}
Event: 4.600 GC heap before
{Heap before GC invocations=5 (full 0):
 PSYoungGen      total 35328K, used 35315K [0x00000000eab00000, 0x00000000ed000000, 0x0000000100000000)
  eden space 32768K, 100% used [0x00000000eab00000,0x00000000ecb00000,0x00000000ecb00000)
  from space 2560K, 99% used [0x00000000ecd80000,0x00000000ecffcd28,0x00000000ed000000)
  to   space 2560K, 0% used [0x00000000ecb00000,0x00000000ecb00000,0x00000000ecd80000)
 ParOldGen       total 44032K, used 9276K [0x00000000c0000000, 0x00000000c2b00000, 0x00000000eab00000)
  object space 44032K, 21% used [0x00000000c0000000,0x00000000c090f3c8,0x00000000c2b00000)
 Metaspace       used 5895K, capacity 7088K, committed 7296K, reserved 1056768K
  class space    used 557K, capacity 616K, committed 640K, reserved 1048576K
Event: 4.624 GC heap after
Heap after GC invocations=5 (full 0):
 PSYoungGen      total 35328K, used 2547K [0x00000000eab00000, 0x00000000efa00000, 0x0000000100000000)
  eden space 32768K, 0% used [0x00000000eab00000,0x00000000eab00000,0x00000000ecb00000)
  from space 2560K, 99% used [0x00000000ecb00000,0x00000000ecd7cd28,0x00000000ecd80000)
  to   space 7680K, 0% used [0x00000000ef280000,0x00000000ef280000,0x00000000efa00000)
 ParOldGen       total 44032K, used 14442K [0x00000000c0000000, 0x00000000c2b00000, 0x00000000eab00000)
  object space 44032K, 32% used [0x00000000c0000000,0x00000000c0e1a820,0x00000000c2b00000)
 Metaspace       used 5895K, capacity 7088K, committed 7296K, reserved 1056768K
  class space    used 557K, capacity 616K, committed 640K, reserved 1048576K
}
Event: 6.614 GC heap before
{Heap before GC invocations=6 (full 0):
 PSYoungGen      total 35328K, used 35315K [0x00000000eab00000, 0x00000000efa00000, 0x0000000100000000)
  eden space 32768K, 100% used [0x00000000eab00000,0x00000000ecb00000,0x00000000ecb00000)
  from space 2560K, 99% used [0x00000000ecb00000,0x00000000ecd7cd28,0x00000000ecd80000)
  to   space 7680K, 0% used [0x00000000ef280000,0x00000000ef280000,0x00000000efa00000)
 ParOldGen       total 44032K, used 14442K [0x00000000c0000000, 0x00000000c2b00000, 0x00000000eab00000)
  object space 44032K, 32% used [0x00000000c0000000,0x00000000c0e1a820,0x00000000c2b00000)
 Metaspace       used 5995K, capacity 7088K, committed 7296K, reserved 1056768K
  class space    used 576K, capacity 616K, committed 640K, reserved 1048576K
Event: 6.645 GC heap after
Heap after GC invocations=6 (full 0):
 PSYoungGen      total 72192K, used 7408K [0x00000000eab00000, 0x00000000efc00000, 0x0000000100000000)
  eden space 64512K, 0% used [0x00000000eab00000,0x00000000eab00000,0x00000000eea00000)
  from space 7680K, 96% used [0x00000000ef280000,0x00000000ef9bc1c8,0x00000000efa00000)
  to   space 8704K, 0% used [0x00000000eea00000,0x00000000eea00000,0x00000000ef280000)
 ParOldGen       total 44032K, used 14442K [0x00000000c0000000, 0x00000000c2b00000, 0x00000000eab00000)
  object space 44032K, 32% used [0x00000000c0000000,0x00000000c0e1a820,0x00000000c2b00000)
 Metaspace       used 5995K, capacity 7088K, committed 7296K, reserved 1056768K
  class space    used 576K, capacity 616K, committed 640K, reserved 1048576K
}

Deoptimization events (10 events):
Event: 4.466 Thread 0x000000000025e000 Uncommon trap: reason=class_check action=maybe_recompile pc=0x0000000002decf98 method=java.util.HashMap.putVal(ILjava/lang/Object;Ljava/lang/Object;ZZ)Ljava/lang/Object; @ 203
Event: 4.466 Thread 0x000000000025e000 Uncommon trap: reason=bimorphic action=maybe_recompile pc=0x0000000002b8eb68 method=java.util.HashMap.getNode(ILjava/lang/Object;)Ljava/util/HashMap$Node; @ 126
Event: 4.466 Thread 0x000000000025e000 Uncommon trap: reason=class_check action=maybe_recompile pc=0x0000000002decf98 method=java.util.HashMap.putVal(ILjava/lang/Object;Ljava/lang/Object;ZZ)Ljava/lang/Object; @ 203
Event: 4.466 Thread 0x000000000025e000 Uncommon trap: reason=bimorphic action=maybe_recompile pc=0x0000000002b8eb68 method=java.util.HashMap.getNode(ILjava/lang/Object;)Ljava/util/HashMap$Node; @ 126
Event: 4.466 Thread 0x000000000025e000 Uncommon trap: reason=class_check action=maybe_recompile pc=0x0000000002decf98 method=java.util.HashMap.putVal(ILjava/lang/Object;Ljava/lang/Object;ZZ)Ljava/lang/Object; @ 203
Event: 4.633 Thread 0x000000000025e000 Uncommon trap: reason=bimorphic action=maybe_recompile pc=0x0000000002b8eb68 method=java.util.HashMap.getNode(ILjava/lang/Object;)Ljava/util/HashMap$Node; @ 126
Event: 4.633 Thread 0x000000000025e000 Uncommon trap: reason=class_check action=maybe_recompile pc=0x0000000002decf98 method=java.util.HashMap.putVal(ILjava/lang/Object;Ljava/lang/Object;ZZ)Ljava/lang/Object; @ 203
Event: 4.951 Thread 0x000000000025e000 Uncommon trap: reason=unstable_if action=reinterpret pc=0x0000000002e5ea14 method=com.android.dx.cf.code.BytecodeArray.parseInstruction(ILcom/android/dx/cf/code/BytecodeArray$Visitor;)I @ 1198
Event: 5.054 Thread 0x000000000025e000 Uncommon trap: reason=unstable_if action=reinterpret pc=0x0000000002e56638 method=java.util.HashMap.putVal(ILjava/lang/Object;Ljava/lang/Object;ZZ)Ljava/lang/Object; @ 94
Event: 5.272 Thread 0x000000000025e000 Uncommon trap: reason=unstable_if action=reinterpret pc=0x0000000002de6d00 method=java.util.HashMap.putVal(ILjava/lang/Object;Ljava/lang/Object;ZZ)Ljava/lang/Object; @ 162

Internal exceptions (5 events):
Event: 0.525 Thread 0x000000000025e000 Exception <a 'java/lang/NoSuchMethodError': Method sun.misc.Unsafe.defineClass(Ljava/lang/String;[BII)Ljava/lang/Class; name or signature does not match> (0x00000000eab12f10) thrown at [D:\re\workspace\8-2-build-windows-amd64-cygwin\jdk8u40\2855\hotspot\sr@C|tÐà?
Event: 0.525 Thread 0x000000000025e000 Exception <a 'java/lang/NoSuchMethodError': Method sun.misc.Unsafe.prefetchRead(Ljava/lang/Object;J)V name or signature does not match> (0x00000000eab131a0) thrown at [D:\re\workspace\8-2-build-windows-amd64-cygwin\jdk8u40\2855\hotspot\src\share\vm\prims\jS†:L¼@
Event: 4.684 Thread 0x000000000025e000 Exception <a 'java/lang/ArrayIndexOutOfBoundsException': 18> (0x00000000eaba8110) thrown at [D:\re\workspace\8-2-build-windows-amd64-cygwin\jdk8u40\2855\hotspot\src\share\vm\interpreter\interpreterRuntime.cpp, line 366]
Event: 5.638 Thread 0x000000000025e000 Exception <a 'java/lang/ArrayIndexOutOfBoundsException'> (0x00000000ec2a1920) thrown at [D:\re\workspace\8-2-build-windows-amd64-cygwin\jdk8u40\2855\hotspot\src\share\vm\runtime\sharedRuntime.cpp, line 605]
Event: 6.076 Thread 0x000000000025e000 Exception <a 'java/lang/ArrayIndexOutOfBoundsException'> (0x00000000ec2a2b58) thrown at [D:\re\workspace\8-2-build-windows-amd64-cygwin\jdk8u40\2855\hotspot\src\share\vm\runtime\sharedRuntime.cpp, line 605]

Events (10 events):
Event: 6.076 loading class java/lang/reflect/ParameterizedType done
Event: 6.076 loading class sun/reflect/generics/reflectiveObjects/ParameterizedTypeImpl done
Event: 6.076 loading class java/lang/reflect/TypeVariable
Event: 6.190 loading class java/lang/reflect/TypeVariable done
Event: 6.190 loading class sun/reflect/generics/reflectiveObjects/TypeVariableImpl
Event: 6.450 loading class sun/reflect/generics/reflectiveObjects/LazyReflectiveObjectGenerator
Event: 6.450 loading class sun/reflect/generics/reflectiveObjects/LazyReflectiveObjectGenerator done
Event: 6.450 loading class sun/reflect/generics/reflectiveObjects/TypeVariableImpl done
Event: 6.613 Executing VM operation: ParallelGCFailedAllocation
Event: 6.645 Executing VM operation: ParallelGCFailedAllocation done


Dynamic libraries:
0x000000013f0b0000 - 0x000000013f0e7000 	C:\Program Files\Java\jdk1.8.0_40\bin\java.exe
0x0000000077590000 - 0x0000000077738000 	C:\Windows\SYSTEM32\ntdll.dll
0x0000000077470000 - 0x000000007758f000 	C:\Windows\system32\kernel32.dll
0x000007fefd370000 - 0x000007fefd3dc000 	C:\Windows\system32\KERNELBASE.dll
0x000007fefdd60000 - 0x000007fefde3b000 	C:\Windows\system32\ADVAPI32.dll
0x000007feff250000 - 0x000007feff2ef000 	C:\Windows\system32\msvcrt.dll
0x000007fefdb90000 - 0x000007fefdbaf000 	C:\Windows\SYSTEM32\sechost.dll
0x000007fefe140000 - 0x000007fefe26d000 	C:\Windows\system32\RPCRT4.dll
0x0000000077370000 - 0x000000007746a000 	C:\Windows\system32\USER32.dll
0x000007feff830000 - 0x000007feff897000 	C:\Windows\system32\GDI32.dll
0x000007fefdb80000 - 0x000007fefdb8e000 	C:\Windows\system32\LPK.dll
0x000007fefdab0000 - 0x000007fefdb79000 	C:\Windows\system32\USP10.dll
0x000007fefc380000 - 0x000007fefc574000 	C:\Windows\WinSxS\amd64_microsoft.windows.common-controls_6595b64144ccf1df_6.0.7601.17514_none_fa396087175ac9ac\COMCTL32.dll
0x000007fefdbd0000 - 0x000007fefdc41000 	C:\Windows\system32\SHLWAPI.dll
0x000007fefe110000 - 0x000007fefe13e000 	C:\Windows\system32\IMM32.DLL
0x000007fefdc50000 - 0x000007fefdd59000 	C:\Windows\system32\MSCTF.dll
0x0000000074680000 - 0x0000000074752000 	C:\Program Files\Java\jdk1.8.0_40\jre\bin\msvcr100.dll
0x0000000052ad0000 - 0x0000000053353000 	C:\Program Files\Java\jdk1.8.0_40\jre\bin\server\jvm.dll
0x000007fef3dd0000 - 0x000007fef3dd9000 	C:\Windows\system32\WSOCK32.dll
0x000007feff500000 - 0x000007feff54d000 	C:\Windows\system32\WS2_32.dll
0x000007fefd790000 - 0x000007fefd798000 	C:\Windows\system32\NSI.dll
0x000007fefadb0000 - 0x000007fefadeb000 	C:\Windows\system32\WINMM.dll
0x000007fefc0e0000 - 0x000007fefc0ec000 	C:\Windows\system32\VERSION.dll
0x0000000077760000 - 0x0000000077767000 	C:\Windows\system32\PSAPI.DLL
0x0000000064e60000 - 0x0000000064e6f000 	C:\Program Files\Java\jdk1.8.0_40\jre\bin\verify.dll
0x0000000053c90000 - 0x0000000053cb9000 	C:\Program Files\Java\jdk1.8.0_40\jre\bin\java.dll
0x0000000052ab0000 - 0x0000000052ac6000 	C:\Program Files\Java\jdk1.8.0_40\jre\bin\zip.dll
0x000007fefe4c0000 - 0x000007feff249000 	C:\Windows\system32\SHELL32.dll
0x000007feff2f0000 - 0x000007feff4f3000 	C:\Windows\system32\ole32.dll
0x000007fefd350000 - 0x000007fefd35f000 	C:\Windows\system32\profapi.dll

VM Arguments:
jvm_args: -Xmx1024M -Dfile.encoding=windows-1251 -Duser.country=RU -Duser.language=ru -Duser.variant 
java_command: com.android.dx.command.Main --dex --output C:\Users\Þçåð\AndroidStudioProjects\Minder_android\app\build\intermediates\pre-dexed\debug\classes-560cabf8b0b814fef8a7ca8767fdafd8a3f1c380.jar C:\Users\Þçåð\AndroidStudioProjects\Minder_android\app\build\intermediates\exploded-aar\com.android.support\support-v4\22.1.1\jars\classes.jar
java_class_path (initial): D:\Android\sdk\build-tools\22.0.1\lib\dx.jar
Launcher Type: SUN_STANDARD

Environment Variables:
JAVA_HOME=C:\Program Files\Java\jdk1.8.0_40
PATH=C:\ProgramData\Oracle\Java\javapath;C:\Windows\system32;C:\Windows;C:\Windows\System32\Wbem;C:\Windows\System32\WindowsPowerShell\v1.0\;C:\Program Files (x86)\Intel\OpenCL SDK\3.0\bin\x86;C:\Program Files (x86)\Intel\OpenCL SDK\3.0\bin\x64;C:\Program Files\Lenovo\Bluetooth Software\;C:\Program Files\Lenovo\Bluetooth Software\syswow64;C:\android-sdk-windows\platform-tools;C:\android-sdk-windows\tools;C:\Program Files\TortoiseHg\;C:\Program Files (x86)\Skype\Phone\
USERNAME=Þçåð
OS=Windows_NT
PROCESSOR_IDENTIFIER=Intel64 Family 6 Model 60 Stepping 3, GenuineIntel



---------------  S Y S T E M  ---------------

OS: Windows 7 , 64 bit Build 7601 (6.1.7601.18798)

CPU:total 2 (2 cores per cpu, 1 threads per core) family 6 model 60 stepping 3, cmov, cx8, fxsr, mmx, sse, sse2, sse3, ssse3, sse4.1, sse4.2, popcnt, clmul, erms, lzcnt, tsc, tscinvbit

Memory: 4k page, physical 4108656k(291004k free), swap 5642804k(4000k free)

vm_info: Java HotSpot(TM) 64-Bit Server VM (25.40-b25) for windows-amd64 JRE (1.8.0_40-b25), built on Feb 10 2015 21:53:57 by "java_re" with MS VC++ 10.0 (VS2010)

time: Wed May 06 11:09:44 2015
elapsed time: 7 seconds (0d 0h 0m 7s)

