#
# There is insufficient memory for the Java Runtime Environment to continue.
# Native memory allocation (malloc) failed to allocate 32744 bytes for ChunkPool::allocate
# Possible reasons:
#   The system is out of physical RAM or swap space
#   In 32 bit mode, the process size limit was hit
# Possible solutions:
#   Reduce memory load on the system
#   Increase physical memory or swap space
#   Check if swap backing store is full
#   Use 64 bit Java on a 64 bit OS
#   Decrease Java heap size (-Xmx/-Xms)
#   Decrease number of Java threads
#   Decrease Java thread stack sizes (-Xss)
#   Set larger code cache with -XX:ReservedCodeCacheSize=
# This output file may be truncated or incomplete.
#
#  Out of Memory Error (allocation.cpp:273), pid=2052, tid=1504
#
# JRE version: Java(TM) SE Runtime Environment (8.0_40-b25) (build 1.8.0_40-b25)
# Java VM: Java HotSpot(TM) 64-Bit Server VM (25.40-b25 mixed mode windows-amd64 compressed oops)
# Failed to write core dump. Minidumps are not enabled by default on client versions of Windows
#

---------------  T H R E A D  ---------------

Current thread (0x0000000014e84000):  JavaThread "C1 CompilerThread1" daemon [_thread_in_vm, id=1504, stack(0x0000000016210000,0x0000000016310000)]

Stack: [0x0000000016210000,0x0000000016310000]
Native frames: (J=compiled Java code, j=interpreted, Vv=VM code, C=native code)
V  [jvm.dll+0x32b47a]


---------------  P R O C E S S  ---------------

Java Threads: ( => current thread )
=>0x0000000014e84000 JavaThread "C1 CompilerThread1" daemon [_thread_in_vm, id=1504, stack(0x0000000016210000,0x0000000016310000)]
  0x0000000014e7c000 JavaThread "C2 CompilerThread0" daemon [_thread_in_vm, id=5588, stack(0x0000000015fd0000,0x00000000160d0000)]
  0x0000000014e77800 JavaThread "Attach Listener" daemon [_thread_blocked, id=3312, stack(0x0000000015780000,0x0000000015880000)]
  0x0000000014e76000 JavaThread "Signal Dispatcher" daemon [_thread_blocked, id=2176, stack(0x0000000015e20000,0x0000000015f20000)]
  0x0000000014e20000 JavaThread "Finalizer" daemon [_thread_blocked, id=2520, stack(0x0000000015c80000,0x0000000015d80000)]
  0x0000000014e17000 JavaThread "Reference Handler" daemon [_thread_blocked, id=6052, stack(0x0000000015ab0000,0x0000000015bb0000)]
  0x0000000001c5e000 JavaThread "main" [_thread_in_vm, id=5172, stack(0x0000000002500000,0x0000000002600000)]

Other Threads:
  0x0000000014e0d000 VMThread [stack: 0x0000000015930000,0x0000000015a30000] [id=5856]

VM state:not at safepoint (normal execution)

VM Mutex/Monitor currently owned by a thread: None

Heap:
 PSYoungGen      total 18944K, used 655K [0x00000000eab00000, 0x00000000ec000000, 0x0000000100000000)
  eden space 16384K, 4% used [0x00000000eab00000,0x00000000eaba3e30,0x00000000ebb00000)
  from space 2560K, 0% used [0x00000000ebd80000,0x00000000ebd80000,0x00000000ec000000)
  to   space 2560K, 0% used [0x00000000ebb00000,0x00000000ebb00000,0x00000000ebd80000)
 ParOldGen       total 44032K, used 0K [0x00000000c0000000, 0x00000000c2b00000, 0x00000000eab00000)
  object space 44032K, 0% used [0x00000000c0000000,0x00000000c0000000,0x00000000c2b00000)
 Metaspace       used 2070K, capacity 4480K, committed 4480K, reserved 1056768K
  class space    used 228K, capacity 384K, committed 384K, reserved 1048576K

Card table byte_map: [0x0000000011c90000,0x0000000011ea0000] byte_map_base: 0x0000000011690000

Marking Bits: (ParMarkBitMap*) 0x0000000053ce4040
 Begin Bits: [0x00000000122e0000, 0x00000000132e0000)
 End Bits:   [0x00000000132e0000, 0x00000000142e0000)

Polling page: 0x0000000000130000

CodeCache: size=245760Kb used=994Kb max_used=997Kb free=244765Kb
 bounds [0x00000000028d0000, 0x0000000002b40000, 0x00000000118d0000]
 total_blobs=162 nmethods=0 adapters=127
 compilation: enabled

Compilation events (0 events):
No events

GC Heap History (0 events):
No events

Deoptimization events (0 events):
No events

Internal exceptions (2 events):
Event: 0.082 Thread 0x0000000001c5e000 Exception <a 'java/lang/NoSuchMethodError': Method sun.misc.Unsafe.defineClass(Ljava/lang/String;[BII)Ljava/lang/Class; name or signature does not match> (0x00000000eab12f10) thrown at [D:\re\workspace\8-2-build-windows-amd64-cygwin\jdk8u40\2855\hotspot\srН?∞%)
Event: 0.082 Thread 0x0000000001c5e000 Exception <a 'java/lang/NoSuchMethodError': Method sun.misc.Unsafe.prefetchRead(Ljava/lang/Object;J)V name or signature does not match> (0x00000000eab131a0) thrown at [D:\re\workspace\8-2-build-windows-amd64-cygwin\jdk8u40\2855\hotspot\src\share\vm\prims\j

Events (10 events):
Event: 0.174 loading class sun/net/www/protocol/jar/Handler
Event: 0.174 loading class sun/net/www/protocol/jar/Handler done
Event: 0.174 loading class sun/misc/Launcher$AppClassLoader$1
Event: 0.175 loading class sun/misc/Launcher$AppClassLoader$1 done
Event: 0.178 loading class java/lang/SystemClassLoaderAction
Event: 0.178 loading class java/lang/SystemClassLoaderAction done
Event: 0.179 Thread 0x0000000014e76000 Thread added: 0x0000000014e76000
Event: 0.180 Thread 0x0000000014e77800 Thread added: 0x0000000014e77800
Event: 0.182 Thread 0x0000000014e7c000 Thread added: 0x0000000014e7c000
Event: 0.182 Thread 0x0000000014e84000 Thread added: 0x0000000014e84000


Dynamic libraries:
0x000000013f4a0000 - 0x000000013f4d7000 	C:\Program Files\Java\jdk1.8.0_40\bin\java.exe
0x0000000076fb0000 - 0x0000000077158000 	C:\Windows\SYSTEM32\ntdll.dll
0x0000000076e90000 - 0x0000000076faf000 	C:\Windows\system32\kernel32.dll
0x000007fefd0c0000 - 0x000007fefd12c000 	C:\Windows\system32\KERNELBASE.dll
0x000007fefea50000 - 0x000007fefeb2b000 	C:\Windows\system32\ADVAPI32.dll
0x000007fefe6e0000 - 0x000007fefe77f000 	C:\Windows\system32\msvcrt.dll
0x000007fefd130000 - 0x000007fefd14f000 	C:\Windows\SYSTEM32\sechost.dll
0x000007feff190000 - 0x000007feff2bd000 	C:\Windows\system32\RPCRT4.dll
0x0000000076d90000 - 0x0000000076e8a000 	C:\Windows\system32\USER32.dll
0x000007fefefa0000 - 0x000007feff007000 	C:\Windows\system32\GDI32.dll
0x000007fefdf80000 - 0x000007fefdf8e000 	C:\Windows\system32\LPK.dll
0x000007feff060000 - 0x000007feff129000 	C:\Windows\system32\USP10.dll
0x000007fefbe30000 - 0x000007fefc024000 	C:\Windows\WinSxS\amd64_microsoft.windows.common-controls_6595b64144ccf1df_6.0.7601.17514_none_fa396087175ac9ac\COMCTL32.dll
0x000007fefe2a0000 - 0x000007fefe311000 	C:\Windows\system32\SHLWAPI.dll
0x000007fefed80000 - 0x000007fefedae000 	C:\Windows\system32\IMM32.DLL
0x000007fefedb0000 - 0x000007fefeeb9000 	C:\Windows\system32\MSCTF.dll
0x0000000078e80000 - 0x0000000078f52000 	C:\Program Files\Java\jdk1.8.0_40\jre\bin\msvcr100.dll
0x00000000534e0000 - 0x0000000053d63000 	C:\Program Files\Java\jdk1.8.0_40\jre\bin\server\jvm.dll
0x000007fef35b0000 - 0x000007fef35b9000 	C:\Windows\system32\WSOCK32.dll
0x000007feff010000 - 0x000007feff05d000 	C:\Windows\system32\WS2_32.dll
0x000007fefe170000 - 0x000007fefe178000 	C:\Windows\system32\NSI.dll
0x000007fefa8a0000 - 0x000007fefa8db000 	C:\Windows\system32\WINMM.dll
0x000007fefbb00000 - 0x000007fefbb0c000 	C:\Windows\system32\VERSION.dll
0x0000000077170000 - 0x0000000077177000 	C:\Windows\system32\PSAPI.DLL
0x0000000073d10000 - 0x0000000073d1f000 	C:\Program Files\Java\jdk1.8.0_40\jre\bin\verify.dll
0x0000000073ce0000 - 0x0000000073d09000 	C:\Program Files\Java\jdk1.8.0_40\jre\bin\java.dll
0x0000000073c90000 - 0x0000000073ca6000 	C:\Program Files\Java\jdk1.8.0_40\jre\bin\zip.dll
0x000007fefd1f0000 - 0x000007fefdf79000 	C:\Windows\system32\SHELL32.dll
0x000007fefe4b0000 - 0x000007fefe6b3000 	C:\Windows\system32\ole32.dll
0x000007fefcd80000 - 0x000007fefcd8f000 	C:\Windows\system32\profapi.dll

VM Arguments:
jvm_args: -Xmx1024M -Dfile.encoding=windows-1251 -Duser.country=RU -Duser.language=ru -Duser.variant 
java_command: com.android.dx.command.Main --dex --output C:\Users\ёзер\AndroidStudioProjects\Minder_android\app\build\intermediates\dex\debug C:\Users\ёзер\AndroidStudioProjects\Minder_android\app\build\intermediates\classes\debug C:\Users\ёзер\AndroidStudioProjects\Minder_android\app\build\intermediates\pre-dexed\debug\support-annotations-22.1.1-2ef664910a9b1d11909711714c2671029fd040ed.jar C:\Users\ёзер\AndroidStudioProjects\Minder_android\app\build\intermediates\pre-dexed\debug\butterknife-6.1.0-c3e7d8087cefa86c9f58b7a6b7e344bff98a45d9.jar C:\Users\ёзер\AndroidStudioProjects\Minder_android\app\build\intermediates\pre-dexed\debug\internal_impl-22.1.1-a3cae9a847fbc653cee3b6143c00cc4e4b954123.jar C:\Users\ёзер\AndroidStudioProjects\Minder_android\app\build\intermediates\pre-dexed\debug\classes-2fca606bfb427da8da8b4fb460b816af6e5cfd53.jar C:\Users\ёзер\AndroidStudioProjects\Minder_android\app\build\intermediates\pre-dexed\debug\classes-560cabf8b0b814fef8a7ca8767fdafd8a3f1c380.jar
java_class_path (initial): D:\Android\sdk\build-tools\22.0.1\lib\dx.jar
Launcher Type: SUN_STANDARD

Environment Variables:
JAVA_HOME=C:\Program Files\Java\jdk1.8.0_40
PATH=C:\ProgramData\Oracle\Java\javapath;C:\Windows\system32;C:\Windows;C:\Windows\System32\Wbem;C:\Windows\System32\WindowsPowerShell\v1.0\;C:\Program Files (x86)\Intel\OpenCL SDK\3.0\bin\x86;C:\Program Files (x86)\Intel\OpenCL SDK\3.0\bin\x64;C:\Program Files\Lenovo\Bluetooth Software\;C:\Program Files\Lenovo\Bluetooth Software\syswow64;C:\android-sdk-windows\platform-tools;C:\android-sdk-windows\tools;C:\Program Files\TortoiseHg\;C:\Program Files (x86)\Skype\Phone\
USERNAME=ёзер
OS=Windows_NT
PROCESSOR_IDENTIFIER=Intel64 Family 6 Model 60 Stepping 3, GenuineIntel



---------------  S Y S T E M  ---------------

OS: Windows 7 , 64 bit Build 7601 (6.1.7601.18798)

CPU:total 2 (2 cores per cpu, 1 threads per core) family 6 model 60 stepping 3, cmov, cx8, fxsr, mmx, sse, sse2, sse3, ssse3, sse4.1, sse4.2, popcnt, clmul, erms, lzcnt, tsc, tscinvbit

Memory: 4k page, physical 4108656k(390368k free), swap 5642804k(4420k free)

vm_info: Java HotSpot(TM) 64-Bit Server VM (25.40-b25) for windows-amd64 JRE (1.8.0_40-b25), built on Feb 10 2015 21:53:57 by "java_re" with MS VC++ 10.0 (VS2010)

time: Wed May 06 17:55:45 2015
elapsed time: 0 seconds (0d 0h 0m 0s)

